[+] Containers:
 |- [+] Container: /Game/FirstPerson/Maps/FirstPersonMap
 |   |- [+] ActorDescs:
 |   |   |- Guid:085762504081400E54F6808E2A502BEB BaseClass:/Game/FirstPerson/Blueprints/BP_Coin.BP_Coin_C NativeClass:/Script/Engine.Actor Name:BP_Coin_C_UAID_F4CE23B15A25486601_1906544556 Label:BP_Coin2 SpatiallyLoaded:1 Bounds:IsValid=true, Min=(X=-3252.000 Y=3154.000 Z=5598.000), Max=(X=-2548.000 Y=3266.000 Z=6062.000) RuntimeGrid:None EditorOnly:0 RuntimeOnly:0 HLODRelevant:0
 |   |   |- Guid:0E9D191246CA528155DC20A45F704BEB BaseClass: NativeClass:/Script/Engine.StaticMeshActor Name:StaticMeshActor_UAID_F4CE23B15A25B46501_1157747496 Label:Stairs4 SpatiallyLoaded:1 Bounds:IsValid=true, Min=(X=-3125.000 Y=-10.000 Z=4470.000), Max=(X=-2675.000 Y=410.000 Z=4870.000) RuntimeGrid:None EditorOnly:0 RuntimeOnly:0 HLODRelevant:0
 |   |   |- Guid:158B2A9D468D5C1BAE7F67BEBDDAC975 BaseClass: NativeClass:/Script/Engine.StaticMeshActor Name:StaticMeshActor_UAID_F4CE23B15A25B46501_2040181497 Label:Stairs5 SpatiallyLoaded:1 Bounds:IsValid=true, Min=(X=-1785.878 Y=3253.505 Z=2708.537), Max=(X=-1334.483 Y=3808.542 Z=3063.857) RuntimeGrid:None EditorOnly:0 RuntimeOnly:0 HLODRelevant:0
 |   |   |- Guid:16CC76A04990A4053DCAAAB0B8A0E175 BaseClass: NativeClass:/Script/Engine.StaticMeshActor Name:StaticMeshActor_UAID_F4CE23B15A25476601_1991581378 Label:Boolean3 SpatiallyLoaded:1 Bounds:IsValid=true, Min=(X=-4212.013 Y=-2315.000 Z=2090.000), Max=(X=1292.013 Y=4435.000 Z=2352.990) RuntimeGrid:None EditorOnly:0 RuntimeOnly:0 HLODRelevant:0
 |   |   |- Guid:2A314B964306AF5C189039BD046F9C08 BaseClass: NativeClass:/Script/Engine.StaticMeshActor Name:StaticMeshActor_UAID_F4CE23B15A25B46501_1675113495 Label:Disc2 SpatiallyLoaded:1 Bounds:IsValid=true, Min=(X=-3512.388 Y=-1292.882 Z=4780.000), Max=(X=-2167.612 Y=52.882 Z=4780.000) RuntimeGrid:None EditorOnly:0 RuntimeOnly:0 HLODRelevant:0
 |   |   |- Guid:374A727046D54072AF9105AE44D60422 BaseClass: NativeClass:/Script/Engine.StaticMeshActor Name:StaticMeshActor_UAID_F4CE23B15A25B56501_1119240677 Label:Disc3 SpatiallyLoaded:1 Bounds:IsValid=true, Min=(X=-2412.388 Y=4157.118 Z=3380.000), Max=(X=-1067.612 Y=5502.882 Z=3380.000) RuntimeGrid:None EditorOnly:0 RuntimeOnly:0 HLODRelevant:0
 |   |   |- Guid:3A720BDA405B29C13CE1908E2444754D BaseClass:/Game/FirstPerson/Blueprints/BP_Coin.BP_Coin_C NativeClass:/Script/Engine.Actor Name:BP_Coin_C_UAID_F4CE23B15A25486601_1961191559 Label:BP_Coin5 SpatiallyLoaded:1 Bounds:IsValid=true, Min=(X=-1912.000 Y=3114.000 Z=5108.000), Max=(X=-1208.000 Y=3226.000 Z=5572.000) RuntimeGrid:None EditorOnly:0 RuntimeOnly:0 HLODRelevant:0
 |   |   |- Guid:3B6DE0AB42F18A5CFAC902B3305B0A61 BaseClass: NativeClass:/Script/Engine.StaticMeshActor Name:StaticMeshActor_UAID_F4CE23B15A25B46501_1675116496 Label:Torus2 SpatiallyLoaded:1 Bounds:IsValid=true, Min=(X=-3378.576 Y=-1118.576 Z=4710.000), Max=(X=-2381.424 Y=-121.424 Z=4903.856) RuntimeGrid:None EditorOnly:0 RuntimeOnly:0 HLODRelevant:0
 |   |   |- Guid:3EA4E974452BE2F6510C22B223333B0F BaseClass: NativeClass:/Script/Engine.StaticMeshActor Name:StaticMeshActor_UAID_F4CE23B15A25B36501_2116147319 Label:Stairs3 SpatiallyLoaded:1 Bounds:IsValid=true, Min=(X=-3125.000 Y=370.000 Z=4120.000), Max=(X=-2675.000 Y=790.000 Z=4520.000) RuntimeGrid:None EditorOnly:0 RuntimeOnly:0 HLODRelevant:0
 |   |   |- Guid:5FE7584649BB6F09265329A6C57CFD0D BaseClass: NativeClass:/Script/Engine.VolumetricCloud Name:VolumetricCloud_0 Label:VolumetricCloud SpatiallyLoaded:0 Bounds:IsValid=true, Min=(X=0.000 Y=0.000 Z=820.000), Max=(X=0.000 Y=0.000 Z=820.000) RuntimeGrid:None EditorOnly:0 RuntimeOnly:0 HLODRelevant:0 FolderPath:Lighting FolderGuid:0BA5F0A04EADB18E70D5B180D08FA34B
 |   |   |- Guid:61391D344900612A77DFC3BA3E354907 BaseClass: NativeClass:/Script/Engine.ExponentialHeightFog Name:ExponentialHeightFog_0 Label:ExponentialHeightFog SpatiallyLoaded:0 Bounds:IsValid=true, Min=(X=-5600.000 Y=-50.000 Z=-6850.000), Max=(X=-5600.000 Y=-50.000 Z=-6850.000) RuntimeGrid:None EditorOnly:0 RuntimeOnly:0 HLODRelevant:0 FolderPath:Lighting FolderGuid:0BA5F0A04EADB18E70D5B180D08FA34B
 |   |   |- Guid:6787220F44C6256A157B26B536506E68 BaseClass: NativeClass:/Script/Engine.StaticMeshActor Name:StaticMeshActor_UAID_F4CE23B15A25B56501_1081147676 Label:Stairs6 SpatiallyLoaded:1 Bounds:IsValid=true, Min=(X=-1875.878 Y=3713.505 Z=3058.537), Max=(X=-1424.483 Y=4268.542 Z=3413.857) RuntimeGrid:None EditorOnly:0 RuntimeOnly:0 HLODRelevant:0
 |   |   |- Guid:6FEFB3BD4EB37B849EF0D4AC80F83855 BaseClass: NativeClass:/Script/Engine.WorldDataLayers Name:WorldDataLayers Label:WorldDataLayers SpatiallyLoaded:0 Bounds:IsValid=true, Min=(X=0.000 Y=0.000 Z=0.000), Max=(X=0.000 Y=0.000 Z=0.000) RuntimeGrid:None EditorOnly:0 RuntimeOnly:0 HLODRelevant:0
 |   |   |- Guid:72453DA440757D525BC58FB09D258A9C BaseClass: NativeClass:/Script/Engine.StaticMeshActor Name:StaticMeshActor_UAID_F4CE23B15A25B16501_1956377990 Label:Stairs SpatiallyLoaded:1 Bounds:IsValid=true, Min=(X=-1725.250 Y=5041.904 Z=4588.537), Max=(X=-1354.750 Y=5540.174 Z=4943.857) RuntimeGrid:None EditorOnly:0 RuntimeOnly:0 HLODRelevant:0
 |   |   |- Guid:73EBA47946CD139CF28EABA8980272BD BaseClass: NativeClass:/Script/Engine.StaticMeshActor Name:StaticMeshActor_UAID_F4CE23B15A25B56501_1119241678 Label:Torus3 SpatiallyLoaded:1 Bounds:IsValid=true, Min=(X=-2278.576 Y=4331.424 Z=3310.000), Max=(X=-1281.424 Y=5328.576 Z=3503.856) RuntimeGrid:None EditorOnly:0 RuntimeOnly:0 HLODRelevant:0
 |   |   |- Guid:793A2CAA419AC61614F8D59D2B837714 BaseClass: NativeClass:/Script/Engine.PointLight Name:PointLight_UAID_F4CE23B15A25B46501_2117477499 Label:PointLight SpatiallyLoaded:1 Bounds:IsValid=true, Min=(X=-2580.000 Y=1810.000 Z=2350.000), Max=(X=-580.000 Y=3810.000 Z=4350.000) RuntimeGrid:None EditorOnly:0 RuntimeOnly:0 HLODRelevant:0
 |   |   |- Guid:832DED47483136B67821008947BF5C25 BaseClass:/Game/FirstPerson/Blueprints/BP_Coin.BP_Coin_C NativeClass:/Script/Engine.Actor Name:BP_Coin_C_UAID_F4CE23B15A25486601_1941974558 Label:BP_Coin4 SpatiallyLoaded:1 Bounds:IsValid=true, Min=(X=-2032.000 Y=1744.000 Z=5118.000), Max=(X=-1328.000 Y=1856.000 Z=5582.000) RuntimeGrid:None EditorOnly:0 RuntimeOnly:0 HLODRelevant:0
 |   |   |- Guid:A2CE3F1044C45831B55D1F8C4A308B32 BaseClass: NativeClass:/Script/Engine.StaticMeshActor Name:StaticMeshActor_UAID_F4CE23B15A25476601_1533065371 Label:StaticMeshActor SpatiallyLoaded:1 Bounds:IsValid=true, Min=(X=-5510.000 Y=1860.000 Z=8440.000), Max=(X=-5510.000 Y=1860.000 Z=8440.000) RuntimeGrid:None EditorOnly:0 RuntimeOnly:0 HLODRelevant:0
 |   |   |- Guid:A354B1B24E617A525DC6B48CCDE2417E BaseClass: NativeClass:/Script/Engine.PlayerStart Name:PlayerStart_0 Label:PlayerStart SpatiallyLoaded:0 Bounds:IsValid=true, Min=(X=-2120.000 Y=2000.000 Z=6230.013), Max=(X=-2040.000 Y=2080.000 Z=6414.013) RuntimeGrid:None EditorOnly:0 RuntimeOnly:0 HLODRelevant:0
 |   |   |- Guid:A4423F76416A361725B7DA8E8D64CE2C BaseClass: NativeClass:/Script/Engine.StaticMeshActor Name:StaticMeshActor_UAID_F4CE23B15A25476601_1979099377 Label:Boolean SpatiallyLoaded:1 Bounds:IsValid=true, Min=(X=-4182.013 Y=2960.000 Z=2090.000), Max=(X=1302.013 Y=7960.000 Z=2352.990) RuntimeGrid:None EditorOnly:0 RuntimeOnly:0 HLODRelevant:0
 |   |   |- Guid:A6386150463C60213DB569BE64877391 BaseClass: NativeClass:/Script/Engine.StaticMeshActor Name:StaticMeshActor_UAID_F4CE23B15A25B16501_1455364989 Label:Disc SpatiallyLoaded:1 Bounds:IsValid=true, Min=(X=-2182.388 Y=5957.118 Z=5240.000), Max=(X=-837.612 Y=7302.882 Z=5240.000) RuntimeGrid:None EditorOnly:0 RuntimeOnly:0 HLODRelevant:0
 |   |   |- Guid:AF7E11B245B6CE137DD4459E6E52F04E BaseClass:/Game/FirstPerson/Blueprints/BP_Coin.BP_Coin_C NativeClass:/Script/Engine.Actor Name:BP_Coin_C_UAID_F4CE23B15A25486601_1866361555 Label:BP_Coin SpatiallyLoaded:1 Bounds:IsValid=true, Min=(X=-1942.000 Y=3084.000 Z=6048.000), Max=(X=-1238.000 Y=3196.000 Z=6512.000) RuntimeGrid:None EditorOnly:0 RuntimeOnly:0 HLODRelevant:0
 |   |   |- Guid:B524AECC42930DEEDE6E24964B8176C9 BaseClass: NativeClass:/Script/Engine.StaticMeshActor Name:StaticMeshActor_UAID_F4CE23B15A25AF6501_2087914634 Label:Boolean2 SpatiallyLoaded:1 Bounds:IsValid=true, Min=(X=-3620.000 Y=762.671 Z=2460.000), Max=(X=-1170.000 Y=5070.000 Z=6180.000) RuntimeGrid:None EditorOnly:0 RuntimeOnly:0 HLODRelevant:0
 |   |   |- Guid:BF6081E247EE71F597FA2FA4CBC5FFB6 BaseClass: NativeClass:/Script/Engine.StaticMeshActor Name:StaticMeshActor_UAID_F4CE23B15A25B16501_1308080987 Label:Torus SpatiallyLoaded:1 Bounds:IsValid=true, Min=(X=-2048.576 Y=6131.424 Z=5170.000), Max=(X=-1051.424 Y=7128.576 Z=5363.856) RuntimeGrid:None EditorOnly:0 RuntimeOnly:0 HLODRelevant:0
 |   |   |- Guid:C0C56B9644AE3D40CAFF6A878DB29844 BaseClass: NativeClass:/Script/Engine.StaticMeshActor Name:StaticMeshActor_UAID_A4AE111137DC5EFB00_2001720423 Label:SM_SkySphere SpatiallyLoaded:0 Bounds:IsValid=true, Min=(X=-1638400.000 Y=-1638400.000 Z=-1638400.000), Max=(X=1638400.000 Y=1638400.000 Z=1638400.000) RuntimeGrid:None EditorOnly:0 RuntimeOnly:0 HLODRelevant:1 FolderPath:Lighting FolderGuid:0BA5F0A04EADB18E70D5B180D08FA34B
 |   |   |- Guid:C22CE07C4B87D685137FDBBC10FC92C6 BaseClass: NativeClass:/Script/Engine.SkyAtmosphere Name:SkyAtmosphere_0 Label:SkyAtmosphere SpatiallyLoaded:0 Bounds:IsValid=true, Min=(X=0.000 Y=0.000 Z=1020.000), Max=(X=0.000 Y=0.000 Z=1020.000) RuntimeGrid:None EditorOnly:0 RuntimeOnly:0 HLODRelevant:0 FolderPath:Lighting FolderGuid:0BA5F0A04EADB18E70D5B180D08FA34B
 |   |   |- Guid:CE8D82634660FCDB3120E2B8D547C533 BaseClass: NativeClass:/Script/Engine.PostProcessVolume Name:PostProcessVolume_0 Label:PostProcessVolume SpatiallyLoaded:0 Bounds:IsValid=true, Min=(X=0.000 Y=0.000 Z=400.000), Max=(X=200.000 Y=200.000 Z=600.000) RuntimeGrid:None EditorOnly:0 RuntimeOnly:0 HLODRelevant:0 FolderPath:Lighting FolderGuid:0BA5F0A04EADB18E70D5B180D08FA34B
 |   |   |- Guid:D6A849F34817BDAEF31940A48FE0BEDB BaseClass: NativeClass:/Script/Engine.StaticMeshActor Name:StaticMeshActor_UAID_F4CE23B15A25B16501_2049380991 Label:Stairs2 SpatiallyLoaded:1 Bounds:IsValid=true, Min=(X=-1725.250 Y=5491.904 Z=4888.537), Max=(X=-1354.750 Y=5990.174 Z=5243.857) RuntimeGrid:None EditorOnly:0 RuntimeOnly:0 HLODRelevant:0
 |   |   |- Guid:E5320C1B4FD9764CE7B54D8487AEC613 BaseClass: NativeClass:/Script/Engine.SkyLight Name:SkyLight_0 Label:SkyLight SpatiallyLoaded:0 Bounds:IsValid=true, Min=(X=0.000 Y=0.000 Z=690.000), Max=(X=0.000 Y=0.000 Z=690.000) RuntimeGrid:None EditorOnly:0 RuntimeOnly:0 HLODRelevant:0 FolderPath:Lighting FolderGuid:0BA5F0A04EADB18E70D5B180D08FA34B
 |   |   |- Guid:EE66F4454A4A9F99393F559AB739C05E BaseClass:/Game/FirstPerson/Blueprints/BP_Pickup_Rifle.BP_Pickup_Rifle_C NativeClass:/Script/Engine.Actor Name:BP_Rifle_C_1 Label:BP_Pickup_Rifle SpatiallyLoaded:1 Bounds:IsValid=true, Min=(X=1378.000 Y=818.000 Z=4154.000), Max=(X=1442.000 Y=907.440 Z=4218.000) RuntimeGrid:None EditorOnly:0 RuntimeOnly:0 HLODRelevant:0
 |   |   |- Guid:F5BF03AC4BC8F1E6AA25D98D7D3E3434 BaseClass:/Game/FirstPerson/Blueprints/BP_Coin.BP_Coin_C NativeClass:/Script/Engine.Actor Name:BP_Coin_C_UAID_F4CE23B15A25486601_1916122557 Label:BP_Coin3 SpatiallyLoaded:1 Bounds:IsValid=true, Min=(X=-3322.000 Y=1754.000 Z=5118.000), Max=(X=-2618.000 Y=1866.000 Z=5582.000) RuntimeGrid:None EditorOnly:0 RuntimeOnly:0 HLODRelevant:0
 |   |   |- Guid:F80621C9446867154938FE81375207DA BaseClass: NativeClass:/Script/Engine.DirectionalLight Name:DirectionalLight_1 Label:DirectionalLight SpatiallyLoaded:0 Bounds:IsValid=true, Min=(X=-1048576.000 Y=-1048576.000 Z=-1048576.000), Max=(X=1048576.000 Y=1048576.000 Z=1048576.000) RuntimeGrid:None EditorOnly:0 RuntimeOnly:0 HLODRelevant:0 FolderPath:Lighting FolderGuid:0BA5F0A04EADB18E70D5B180D08FA34B
 |   |   |- Guid:F9AEF59B48196E322FD436A4D81508D0 BaseClass:/Game/FirstPerson/Blueprints/BP_Coin.BP_Coin_C NativeClass:/Script/Engine.Actor Name:BP_Coin_C_UAID_F4CE23B15A25486601_1978990560 Label:BP_Coin6 SpatiallyLoaded:1 Bounds:IsValid=true, Min=(X=-3212.000 Y=3114.000 Z=4658.000), Max=(X=-2508.000 Y=3226.000 Z=5122.000) RuntimeGrid:None EditorOnly:0 RuntimeOnly:0 HLODRelevant:0
 |   |- [+] Clusters:
 |   |   |- [+] [  0]
 |   |   |   |- Guid:61391D344900612A77DFC3BA3E354907 BaseClass: NativeClass:/Script/Engine.ExponentialHeightFog Name:ExponentialHeightFog_0 Label:ExponentialHeightFog SpatiallyLoaded:0 Bounds:IsValid=true, Min=(X=-5600.000 Y=-50.000 Z=-6850.000), Max=(X=-5600.000 Y=-50.000 Z=-6850.000) RuntimeGrid:None EditorOnly:0 RuntimeOnly:0 HLODRelevant:0 FolderPath:Lighting FolderGuid:0BA5F0A04EADB18E70D5B180D08FA34B
 |   |   |- [+] [  1]
 |   |   |   |- Guid:5FE7584649BB6F09265329A6C57CFD0D BaseClass: NativeClass:/Script/Engine.VolumetricCloud Name:VolumetricCloud_0 Label:VolumetricCloud SpatiallyLoaded:0 Bounds:IsValid=true, Min=(X=0.000 Y=0.000 Z=820.000), Max=(X=0.000 Y=0.000 Z=820.000) RuntimeGrid:None EditorOnly:0 RuntimeOnly:0 HLODRelevant:0 FolderPath:Lighting FolderGuid:0BA5F0A04EADB18E70D5B180D08FA34B
 |   |   |- [+] [  2]
 |   |   |   |- Guid:F80621C9446867154938FE81375207DA BaseClass: NativeClass:/Script/Engine.DirectionalLight Name:DirectionalLight_1 Label:DirectionalLight SpatiallyLoaded:0 Bounds:IsValid=true, Min=(X=-1048576.000 Y=-1048576.000 Z=-1048576.000), Max=(X=1048576.000 Y=1048576.000 Z=1048576.000) RuntimeGrid:None EditorOnly:0 RuntimeOnly:0 HLODRelevant:0 FolderPath:Lighting FolderGuid:0BA5F0A04EADB18E70D5B180D08FA34B
 |   |   |- [+] [  3]
 |   |   |   |- Guid:73EBA47946CD139CF28EABA8980272BD BaseClass: NativeClass:/Script/Engine.StaticMeshActor Name:StaticMeshActor_UAID_F4CE23B15A25B56501_1119241678 Label:Torus3 SpatiallyLoaded:1 Bounds:IsValid=true, Min=(X=-2278.576 Y=4331.424 Z=3310.000), Max=(X=-1281.424 Y=5328.576 Z=3503.856) RuntimeGrid:None EditorOnly:0 RuntimeOnly:0 HLODRelevant:0
 |   |   |- [+] [  4]
 |   |   |   |- Guid:3EA4E974452BE2F6510C22B223333B0F BaseClass: NativeClass:/Script/Engine.StaticMeshActor Name:StaticMeshActor_UAID_F4CE23B15A25B36501_2116147319 Label:Stairs3 SpatiallyLoaded:1 Bounds:IsValid=true, Min=(X=-3125.000 Y=370.000 Z=4120.000), Max=(X=-2675.000 Y=790.000 Z=4520.000) RuntimeGrid:None EditorOnly:0 RuntimeOnly:0 HLODRelevant:0
 |   |   |- [+] [  5]
 |   |   |   |- Guid:B524AECC42930DEEDE6E24964B8176C9 BaseClass: NativeClass:/Script/Engine.StaticMeshActor Name:StaticMeshActor_UAID_F4CE23B15A25AF6501_2087914634 Label:Boolean2 SpatiallyLoaded:1 Bounds:IsValid=true, Min=(X=-3620.000 Y=762.671 Z=2460.000), Max=(X=-1170.000 Y=5070.000 Z=6180.000) RuntimeGrid:None EditorOnly:0 RuntimeOnly:0 HLODRelevant:0
 |   |   |- [+] [  6]
 |   |   |   |- Guid:D6A849F34817BDAEF31940A48FE0BEDB BaseClass: NativeClass:/Script/Engine.StaticMeshActor Name:StaticMeshActor_UAID_F4CE23B15A25B16501_2049380991 Label:Stairs2 SpatiallyLoaded:1 Bounds:IsValid=true, Min=(X=-1725.250 Y=5491.904 Z=4888.537), Max=(X=-1354.750 Y=5990.174 Z=5243.857) RuntimeGrid:None EditorOnly:0 RuntimeOnly:0 HLODRelevant:0
 |   |   |- [+] [  7]
 |   |   |   |- Guid:EE66F4454A4A9F99393F559AB739C05E BaseClass:/Game/FirstPerson/Blueprints/BP_Pickup_Rifle.BP_Pickup_Rifle_C NativeClass:/Script/Engine.Actor Name:BP_Rifle_C_1 Label:BP_Pickup_Rifle SpatiallyLoaded:1 Bounds:IsValid=true, Min=(X=1378.000 Y=818.000 Z=4154.000), Max=(X=1442.000 Y=907.440 Z=4218.000) RuntimeGrid:None EditorOnly:0 RuntimeOnly:0 HLODRelevant:0
 |   |   |- [+] [  8]
 |   |   |   |- Guid:374A727046D54072AF9105AE44D60422 BaseClass: NativeClass:/Script/Engine.StaticMeshActor Name:StaticMeshActor_UAID_F4CE23B15A25B56501_1119240677 Label:Disc3 SpatiallyLoaded:1 Bounds:IsValid=true, Min=(X=-2412.388 Y=4157.118 Z=3380.000), Max=(X=-1067.612 Y=5502.882 Z=3380.000) RuntimeGrid:None EditorOnly:0 RuntimeOnly:0 HLODRelevant:0
 |   |   |- [+] [  9]
 |   |   |   |- Guid:E5320C1B4FD9764CE7B54D8487AEC613 BaseClass: NativeClass:/Script/Engine.SkyLight Name:SkyLight_0 Label:SkyLight SpatiallyLoaded:0 Bounds:IsValid=true, Min=(X=0.000 Y=0.000 Z=690.000), Max=(X=0.000 Y=0.000 Z=690.000) RuntimeGrid:None EditorOnly:0 RuntimeOnly:0 HLODRelevant:0 FolderPath:Lighting FolderGuid:0BA5F0A04EADB18E70D5B180D08FA34B
 |   |   |- [+] [ 10]
 |   |   |   |- Guid:3B6DE0AB42F18A5CFAC902B3305B0A61 BaseClass: NativeClass:/Script/Engine.StaticMeshActor Name:StaticMeshActor_UAID_F4CE23B15A25B46501_1675116496 Label:Torus2 SpatiallyLoaded:1 Bounds:IsValid=true, Min=(X=-3378.576 Y=-1118.576 Z=4710.000), Max=(X=-2381.424 Y=-121.424 Z=4903.856) RuntimeGrid:None EditorOnly:0 RuntimeOnly:0 HLODRelevant:0
 |   |   |- [+] [ 11]
 |   |   |   |- Guid:A6386150463C60213DB569BE64877391 BaseClass: NativeClass:/Script/Engine.StaticMeshActor Name:StaticMeshActor_UAID_F4CE23B15A25B16501_1455364989 Label:Disc SpatiallyLoaded:1 Bounds:IsValid=true, Min=(X=-2182.388 Y=5957.118 Z=5240.000), Max=(X=-837.612 Y=7302.882 Z=5240.000) RuntimeGrid:None EditorOnly:0 RuntimeOnly:0 HLODRelevant:0
 |   |   |- [+] [ 12]
 |   |   |   |- Guid:72453DA440757D525BC58FB09D258A9C BaseClass: NativeClass:/Script/Engine.StaticMeshActor Name:StaticMeshActor_UAID_F4CE23B15A25B16501_1956377990 Label:Stairs SpatiallyLoaded:1 Bounds:IsValid=true, Min=(X=-1725.250 Y=5041.904 Z=4588.537), Max=(X=-1354.750 Y=5540.174 Z=4943.857) RuntimeGrid:None EditorOnly:0 RuntimeOnly:0 HLODRelevant:0
 |   |   |- [+] [ 13]
 |   |   |   |- Guid:BF6081E247EE71F597FA2FA4CBC5FFB6 BaseClass: NativeClass:/Script/Engine.StaticMeshActor Name:StaticMeshActor_UAID_F4CE23B15A25B16501_1308080987 Label:Torus SpatiallyLoaded:1 Bounds:IsValid=true, Min=(X=-2048.576 Y=6131.424 Z=5170.000), Max=(X=-1051.424 Y=7128.576 Z=5363.856) RuntimeGrid:None EditorOnly:0 RuntimeOnly:0 HLODRelevant:0
 |   |   |- [+] [ 14]
 |   |   |   |- Guid:6787220F44C6256A157B26B536506E68 BaseClass: NativeClass:/Script/Engine.StaticMeshActor Name:StaticMeshActor_UAID_F4CE23B15A25B56501_1081147676 Label:Stairs6 SpatiallyLoaded:1 Bounds:IsValid=true, Min=(X=-1875.878 Y=3713.505 Z=3058.537), Max=(X=-1424.483 Y=4268.542 Z=3413.857) RuntimeGrid:None EditorOnly:0 RuntimeOnly:0 HLODRelevant:0
 |   |   |- [+] [ 15]
 |   |   |   |- Guid:A354B1B24E617A525DC6B48CCDE2417E BaseClass: NativeClass:/Script/Engine.PlayerStart Name:PlayerStart_0 Label:PlayerStart SpatiallyLoaded:0 Bounds:IsValid=true, Min=(X=-2120.000 Y=2000.000 Z=6230.013), Max=(X=-2040.000 Y=2080.000 Z=6414.013) RuntimeGrid:None EditorOnly:0 RuntimeOnly:0 HLODRelevant:0
 |   |   |- [+] [ 16]
 |   |   |   |- Guid:158B2A9D468D5C1BAE7F67BEBDDAC975 BaseClass: NativeClass:/Script/Engine.StaticMeshActor Name:StaticMeshActor_UAID_F4CE23B15A25B46501_2040181497 Label:Stairs5 SpatiallyLoaded:1 Bounds:IsValid=true, Min=(X=-1785.878 Y=3253.505 Z=2708.537), Max=(X=-1334.483 Y=3808.542 Z=3063.857) RuntimeGrid:None EditorOnly:0 RuntimeOnly:0 HLODRelevant:0
 |   |   |- [+] [ 17]
 |   |   |   |- Guid:0E9D191246CA528155DC20A45F704BEB BaseClass: NativeClass:/Script/Engine.StaticMeshActor Name:StaticMeshActor_UAID_F4CE23B15A25B46501_1157747496 Label:Stairs4 SpatiallyLoaded:1 Bounds:IsValid=true, Min=(X=-3125.000 Y=-10.000 Z=4470.000), Max=(X=-2675.000 Y=410.000 Z=4870.000) RuntimeGrid:None EditorOnly:0 RuntimeOnly:0 HLODRelevant:0
 |   |   |- [+] [ 18]
 |   |   |   |- Guid:C22CE07C4B87D685137FDBBC10FC92C6 BaseClass: NativeClass:/Script/Engine.SkyAtmosphere Name:SkyAtmosphere_0 Label:SkyAtmosphere SpatiallyLoaded:0 Bounds:IsValid=true, Min=(X=0.000 Y=0.000 Z=1020.000), Max=(X=0.000 Y=0.000 Z=1020.000) RuntimeGrid:None EditorOnly:0 RuntimeOnly:0 HLODRelevant:0 FolderPath:Lighting FolderGuid:0BA5F0A04EADB18E70D5B180D08FA34B
 |   |   |- [+] [ 19]
 |   |   |   |- Guid:C0C56B9644AE3D40CAFF6A878DB29844 BaseClass: NativeClass:/Script/Engine.StaticMeshActor Name:StaticMeshActor_UAID_A4AE111137DC5EFB00_2001720423 Label:SM_SkySphere SpatiallyLoaded:0 Bounds:IsValid=true, Min=(X=-1638400.000 Y=-1638400.000 Z=-1638400.000), Max=(X=1638400.000 Y=1638400.000 Z=1638400.000) RuntimeGrid:None EditorOnly:0 RuntimeOnly:0 HLODRelevant:1 FolderPath:Lighting FolderGuid:0BA5F0A04EADB18E70D5B180D08FA34B
 |   |   |- [+] [ 20]
 |   |   |   |- Guid:6FEFB3BD4EB37B849EF0D4AC80F83855 BaseClass: NativeClass:/Script/Engine.WorldDataLayers Name:WorldDataLayers Label:WorldDataLayers SpatiallyLoaded:0 Bounds:IsValid=true, Min=(X=0.000 Y=0.000 Z=0.000), Max=(X=0.000 Y=0.000 Z=0.000) RuntimeGrid:None EditorOnly:0 RuntimeOnly:0 HLODRelevant:0
 |   |   |- [+] [ 21]
 |   |   |   |- Guid:2A314B964306AF5C189039BD046F9C08 BaseClass: NativeClass:/Script/Engine.StaticMeshActor Name:StaticMeshActor_UAID_F4CE23B15A25B46501_1675113495 Label:Disc2 SpatiallyLoaded:1 Bounds:IsValid=true, Min=(X=-3512.388 Y=-1292.882 Z=4780.000), Max=(X=-2167.612 Y=52.882 Z=4780.000) RuntimeGrid:None EditorOnly:0 RuntimeOnly:0 HLODRelevant:0
 |   |   |- [+] [ 22]
 |   |   |   |- Guid:793A2CAA419AC61614F8D59D2B837714 BaseClass: NativeClass:/Script/Engine.PointLight Name:PointLight_UAID_F4CE23B15A25B46501_2117477499 Label:PointLight SpatiallyLoaded:1 Bounds:IsValid=true, Min=(X=-2580.000 Y=1810.000 Z=2350.000), Max=(X=-580.000 Y=3810.000 Z=4350.000) RuntimeGrid:None EditorOnly:0 RuntimeOnly:0 HLODRelevant:0
 |   |   |- [+] [ 23]
 |   |   |   |- Guid:CE8D82634660FCDB3120E2B8D547C533 BaseClass: NativeClass:/Script/Engine.PostProcessVolume Name:PostProcessVolume_0 Label:PostProcessVolume SpatiallyLoaded:0 Bounds:IsValid=true, Min=(X=0.000 Y=0.000 Z=400.000), Max=(X=200.000 Y=200.000 Z=600.000) RuntimeGrid:None EditorOnly:0 RuntimeOnly:0 HLODRelevant:0 FolderPath:Lighting FolderGuid:0BA5F0A04EADB18E70D5B180D08FA34B
 |   |   |- [+] [ 24]
 |   |   |   |- Guid:A2CE3F1044C45831B55D1F8C4A308B32 BaseClass: NativeClass:/Script/Engine.StaticMeshActor Name:StaticMeshActor_UAID_F4CE23B15A25476601_1533065371 Label:StaticMeshActor SpatiallyLoaded:1 Bounds:IsValid=true, Min=(X=-5510.000 Y=1860.000 Z=8440.000), Max=(X=-5510.000 Y=1860.000 Z=8440.000) RuntimeGrid:None EditorOnly:0 RuntimeOnly:0 HLODRelevant:0
 |   |   |- [+] [ 25]
 |   |   |   |- Guid:16CC76A04990A4053DCAAAB0B8A0E175 BaseClass: NativeClass:/Script/Engine.StaticMeshActor Name:StaticMeshActor_UAID_F4CE23B15A25476601_1991581378 Label:Boolean3 SpatiallyLoaded:1 Bounds:IsValid=true, Min=(X=-4212.013 Y=-2315.000 Z=2090.000), Max=(X=1292.013 Y=4435.000 Z=2352.990) RuntimeGrid:None EditorOnly:0 RuntimeOnly:0 HLODRelevant:0
 |   |   |- [+] [ 26]
 |   |   |   |- Guid:A4423F76416A361725B7DA8E8D64CE2C BaseClass: NativeClass:/Script/Engine.StaticMeshActor Name:StaticMeshActor_UAID_F4CE23B15A25476601_1979099377 Label:Boolean SpatiallyLoaded:1 Bounds:IsValid=true, Min=(X=-4182.013 Y=2960.000 Z=2090.000), Max=(X=1302.013 Y=7960.000 Z=2352.990) RuntimeGrid:None EditorOnly:0 RuntimeOnly:0 HLODRelevant:0
 |   |   |- [+] [ 27]
 |   |   |   |- Guid:AF7E11B245B6CE137DD4459E6E52F04E BaseClass:/Game/FirstPerson/Blueprints/BP_Coin.BP_Coin_C NativeClass:/Script/Engine.Actor Name:BP_Coin_C_UAID_F4CE23B15A25486601_1866361555 Label:BP_Coin SpatiallyLoaded:1 Bounds:IsValid=true, Min=(X=-1942.000 Y=3084.000 Z=6048.000), Max=(X=-1238.000 Y=3196.000 Z=6512.000) RuntimeGrid:None EditorOnly:0 RuntimeOnly:0 HLODRelevant:0
 |   |   |- [+] [ 28]
 |   |   |   |- Guid:085762504081400E54F6808E2A502BEB BaseClass:/Game/FirstPerson/Blueprints/BP_Coin.BP_Coin_C NativeClass:/Script/Engine.Actor Name:BP_Coin_C_UAID_F4CE23B15A25486601_1906544556 Label:BP_Coin2 SpatiallyLoaded:1 Bounds:IsValid=true, Min=(X=-3252.000 Y=3154.000 Z=5598.000), Max=(X=-2548.000 Y=3266.000 Z=6062.000) RuntimeGrid:None EditorOnly:0 RuntimeOnly:0 HLODRelevant:0
 |   |   |- [+] [ 29]
 |   |   |   |- Guid:F5BF03AC4BC8F1E6AA25D98D7D3E3434 BaseClass:/Game/FirstPerson/Blueprints/BP_Coin.BP_Coin_C NativeClass:/Script/Engine.Actor Name:BP_Coin_C_UAID_F4CE23B15A25486601_1916122557 Label:BP_Coin3 SpatiallyLoaded:1 Bounds:IsValid=true, Min=(X=-3322.000 Y=1754.000 Z=5118.000), Max=(X=-2618.000 Y=1866.000 Z=5582.000) RuntimeGrid:None EditorOnly:0 RuntimeOnly:0 HLODRelevant:0
 |   |   |- [+] [ 30]
 |   |   |   |- Guid:832DED47483136B67821008947BF5C25 BaseClass:/Game/FirstPerson/Blueprints/BP_Coin.BP_Coin_C NativeClass:/Script/Engine.Actor Name:BP_Coin_C_UAID_F4CE23B15A25486601_1941974558 Label:BP_Coin4 SpatiallyLoaded:1 Bounds:IsValid=true, Min=(X=-2032.000 Y=1744.000 Z=5118.000), Max=(X=-1328.000 Y=1856.000 Z=5582.000) RuntimeGrid:None EditorOnly:0 RuntimeOnly:0 HLODRelevant:0
 |   |   |- [+] [ 31]
 |   |   |   |- Guid:3A720BDA405B29C13CE1908E2444754D BaseClass:/Game/FirstPerson/Blueprints/BP_Coin.BP_Coin_C NativeClass:/Script/Engine.Actor Name:BP_Coin_C_UAID_F4CE23B15A25486601_1961191559 Label:BP_Coin5 SpatiallyLoaded:1 Bounds:IsValid=true, Min=(X=-1912.000 Y=3114.000 Z=5108.000), Max=(X=-1208.000 Y=3226.000 Z=5572.000) RuntimeGrid:None EditorOnly:0 RuntimeOnly:0 HLODRelevant:0
 |   |   |- [+] [ 32]
 |   |   |   |- Guid:F9AEF59B48196E322FD436A4D81508D0 BaseClass:/Game/FirstPerson/Blueprints/BP_Coin.BP_Coin_C NativeClass:/Script/Engine.Actor Name:BP_Coin_C_UAID_F4CE23B15A25486601_1978990560 Label:BP_Coin6 SpatiallyLoaded:1 Bounds:IsValid=true, Min=(X=-3212.000 Y=3114.000 Z=4658.000), Max=(X=-2508.000 Y=3226.000 Z=5122.000) RuntimeGrid:None EditorOnly:0 RuntimeOnly:0 HLODRelevant:0
 |- ContainerInstances:
 |- [+] MainContainer:
 |   |-        ID: 0x0000000000000000
 |   |-    Bounds: IsValid=false, Min=(X=0.000 Y=0.000 Z=0.000), Max=(X=0.000 Y=0.000 Z=0.000)
 |   |- Transform: 0.000000,0.000000,0.000000|0.000000,0.000000,-0.000000|1.000000,1.000000,1.000000
 |   |- Container: /Game/FirstPerson/Maps/FirstPersonMap
----------------------------------------------------------------------------------------------------------------
FirstPersonMap - Persistent Level
----------------------------------------------------------------------------------------------------------------
Always loaded Actor Count: 56 

----------------------------------------------------------------------------------------------------------------
FirstPersonMap - Runtime Spatial Hash - Streaming Grid - MainGrid
----------------------------------------------------------------------------------------------------------------
            Origin: X=0.000 Y=0.000 Z=0.000
         Cell Size: 12800
      World Bounds: IsValid=false, Min=(X=0.000 Y=0.000 Z=0.000), Max=(X=0.000 Y=0.000 Z=0.000)
     Loading Range: 25600.00
Block Slow Loading: No
 ClientOnlyVisible: No

[+] Grid Levels: 1
 |- Level  0: Cell Count    0 | Cell Size   12800 | Actor Count    0 (0.0%)

[+] Content of Grid Level 0

